01:14:13 **** Incremental Build of configuration Nios II for project usb_kb ****
make all 
Info: Building ../usb_kb_bsp/
C:/intelFPGA_lite/18.1/nios2eds/bin/gnu/H-x86_64-mingw32/bin/make --no-print-directory -C ../usb_kb_bsp/
[BSP build complete]
Info: Linking usb_kb.elf
nios2-elf-g++  -T'../usb_kb_bsp//linker.x' -msys-crt0='../usb_kb_bsp//obj/HAL/src/crt0.o' -msys-lib=hal_bsp -L../usb_kb_bsp/   -Wl,-Map=usb_kb.map   -O0 -g -Wall   -mno-hw-div -mno-hw-mul -mno-hw-mulx -mgpopt=global  -o usb_kb.elf obj/default/main.o -lm -msys-lib=m
obj/default/main.o: In function `GetDriverandReport':
D:\GoogleSync\2021-2022\ECE385\Lab6\software\usb_kb/main.c:34: undefined reference to `GetDevtable'
D:\GoogleSync\2021-2022\ECE385\Lab6\software\usb_kb/main.c:42: undefined reference to `hid_device'
D:\GoogleSync\2021-2022\ECE385\Lab6\software\usb_kb/main.c:42: undefined reference to `XferCtrlReq'
D:\GoogleSync\2021-2022\ECE385\Lab6\software\usb_kb/main.c:51: undefined reference to `hid_device'
D:\GoogleSync\2021-2022\ECE385\Lab6\software\usb_kb/main.c:51: undefined reference to `XferCtrlReq'
obj/default/main.o: In function `main':
D:\GoogleSync\2021-2022\ECE385\Lab6\software\usb_kb/main.c:143: undefined reference to `MAX3421E_init'
D:\GoogleSync\2021-2022\ECE385\Lab6\software\usb_kb/main.c:145: undefined reference to `USB_init'
D:\GoogleSync\2021-2022\ECE385\Lab6\software\usb_kb/main.c:148: undefined reference to `MAX3421E_Task'
D:\GoogleSync\2021-2022\ECE385\Lab6\software\usb_kb/main.c:149: undefined reference to `USB_Task'
D:\GoogleSync\2021-2022\ECE385\Lab6\software\usb_kb/main.c:151: undefined reference to `GetUsbTaskState'
D:\GoogleSync\2021-2022\ECE385\Lab6\software\usb_kb/main.c:158: undefined reference to `kbdPoll'
D:\GoogleSync\2021-2022\ECE385\Lab6\software\usb_kb/main.c:177: undefined reference to `mousePoll'
D:\GoogleSync\2021-2022\ECE385\Lab6\software\usb_kb/main.c:207: undefined reference to `GetUsbTaskState'
D:\GoogleSync\2021-2022\ECE385\Lab6\software\usb_kb/main.c:218: undefined reference to `GetUsbTaskState'
D:\GoogleSync\2021-2022\ECE385\Lab6\software\usb_kb/main.c:221: undefined reference to `MAX3421E_init'
D:\GoogleSync\2021-2022\ECE385\Lab6\software\usb_kb/main.c:222: undefined reference to `USB_init'
collect2.exe: error: ld returned 1 exit status
make: *** [usb_kb.elf] Error 1

01:14:14 Build Finished (took 1s.133ms)

